{"type":"server-started","port":53184,"host":"127.0.0.1","url_host":"localhost","url":"http://localhost:53184","screen_dir":"/Users/njasiktouch/Documents/Projects/Grooming/.superpowers/brainstorm/7730-1780082004/content","state_dir":"/Users/njasiktouch/Documents/Projects/Grooming/.superpowers/brainstorm/7730-1780082004/state"}
{"type":"screen-added","file":"/Users/njasiktouch/Documents/Projects/Grooming/.superpowers/brainstorm/7730-1780082004/content/visual-style.html"}
{"type":"screen-updated","file":"/Users/njasiktouch/Documents/Projects/Grooming/.superpowers/brainstorm/7730-1780082004/content/visual-style.html"}
{"type":"screen-updated","file":"/Users/njasiktouch/Documents/Projects/Grooming/.superpowers/brainstorm/7730-1780082004/content/visual-style.html"}
{"type":"screen-updated","file":"/Users/njasiktouch/Documents/Projects/Grooming/.superpowers/brainstorm/7730-1780082004/content/visual-style.html"}
{"source":"user-event","type":"click","text":"✦ WALNUT CREEK\n      Happy Pets,Happy Families\n      Book in 60 seconds • Same-week appointments\n      Find My Grooming Plan →\n    \n    \n      B — Чистый и дружелюбный\n      Голубые тона, светлый фон. Доверие + доступность. Работает для семей с детьми и домашними животными.","choice":"B","id":null,"timestamp":1780082403940}
{"source":"user-event","type":"click","text":"✦ WALNUT CREEK\n      Happy Pets,Happy Families\n      Book in 60 seconds • Same-week appointments\n      Find My Grooming Plan →\n    \n    \n      B — Чистый и дружелюбный\n      Голубые тона, светлый фон. Доверие + доступность. Работает для семей с детьми и домашними животными.","choice":"B","id":null,"timestamp":1780082406571}
{"type":"screen-added","file":"/Users/njasiktouch/Documents/Projects/Grooming/.superpowers/brainstorm/7730-1780082004/content/waiting-1.html"}
{"type":"screen-updated","file":"/Users/njasiktouch/Documents/Projects/Grooming/.superpowers/brainstorm/7730-1780082004/content/waiting-1.html"}
{"type":"screen-updated","file":"/Users/njasiktouch/Documents/Projects/Grooming/.superpowers/brainstorm/7730-1780082004/content/waiting-1.html"}
{"type":"screen-updated","file":"/Users/njasiktouch/Documents/Projects/Grooming/.superpowers/brainstorm/7730-1780082004/content/waiting-1.html"}
{"type":"screen-added","file":"/Users/njasiktouch/Documents/Projects/Grooming/.superpowers/brainstorm/7730-1780082004/content/quiz-flow.html"}
{"type":"screen-updated","file":"/Users/njasiktouch/Documents/Projects/Grooming/.superpowers/brainstorm/7730-1780082004/content/quiz-flow.html"}
{"type":"screen-updated","file":"/Users/njasiktouch/Documents/Projects/Grooming/.superpowers/brainstorm/7730-1780082004/content/quiz-flow.html"}
{"type":"screen-updated","file":"/Users/njasiktouch/Documents/Projects/Grooming/.superpowers/brainstorm/7730-1780082004/content/quiz-flow.html"}
{"source":"user-event","type":"click","text":"✓\n    \n      Одобрить этот набор\n      5 вопросов + контактная форма — оптимальный баланс вовлечения и скорости","choice":"approve","id":null,"timestamp":1780082583418}
{"source":"user-event","type":"click","text":"✓\n    \n      Одобрить этот набор\n      5 вопросов + контактная форма — оптимальный баланс вовлечения и скорости","choice":"approve","id":null,"timestamp":1780082583545}
{"source":"user-event","type":"click","text":"✓\n    \n      Одобрить этот набор\n      5 вопросов + контактная форма — оптимальный баланс вовлечения и скорости","choice":"approve","id":null,"timestamp":1780082588457}
{"type":"screen-added","file":"/Users/njasiktouch/Documents/Projects/Grooming/.superpowers/brainstorm/7730-1780082004/content/waiting-2.html"}
{"type":"screen-updated","file":"/Users/njasiktouch/Documents/Projects/Grooming/.superpowers/brainstorm/7730-1780082004/content/waiting-2.html"}
{"type":"screen-updated","file":"/Users/njasiktouch/Documents/Projects/Grooming/.superpowers/brainstorm/7730-1780082004/content/waiting-2.html"}
{"type":"screen-updated","file":"/Users/njasiktouch/Documents/Projects/Grooming/.superpowers/brainstorm/7730-1780082004/content/waiting-2.html"}
{"type":"screen-added","file":"/Users/njasiktouch/Documents/Projects/Grooming/.superpowers/brainstorm/7730-1780082004/content/page-structure.html"}
{"type":"screen-updated","file":"/Users/njasiktouch/Documents/Projects/Grooming/.superpowers/brainstorm/7730-1780082004/content/page-structure.html"}
{"type":"screen-updated","file":"/Users/njasiktouch/Documents/Projects/Grooming/.superpowers/brainstorm/7730-1780082004/content/page-structure.html"}
{"type":"screen-updated","file":"/Users/njasiktouch/Documents/Projects/Grooming/.superpowers/brainstorm/7730-1780082004/content/page-structure.html"}
{"source":"user-event","type":"click","text":"✓\n    \n      Структура верная, идём дальше\n      Переходим к написанию продающих текстов и деталям дизайна","choice":"approve","id":null,"timestamp":1780082831968}
{"source":"user-event","type":"click","text":"✓\n    \n      Структура верная, идём дальше\n      Переходим к написанию продающих текстов и деталям дизайна","choice":"approve","id":null,"timestamp":1780082843095}
{"type":"screen-added","file":"/Users/njasiktouch/Documents/Projects/Grooming/.superpowers/brainstorm/7730-1780082004/content/waiting-3.html"}
{"type":"screen-updated","file":"/Users/njasiktouch/Documents/Projects/Grooming/.superpowers/brainstorm/7730-1780082004/content/waiting-3.html"}
{"type":"screen-updated","file":"/Users/njasiktouch/Documents/Projects/Grooming/.superpowers/brainstorm/7730-1780082004/content/waiting-3.html"}
{"type":"screen-updated","file":"/Users/njasiktouch/Documents/Projects/Grooming/.superpowers/brainstorm/7730-1780082004/content/waiting-3.html"}
{"type":"server-stopped","reason":"idle timeout"}
